Projecte/app/build/intermediates/manifest_merge_blame_file/debug/manifest-merger-blame-debug-report.txt
1<?xml version="1.0" encoding="utf-8"?>
2<manifest xmlns:android="http://schemas.android.com/apk/res/android"
3    package="com.example.pisprojecte"
4    android:versionCode="1"
5    android:versionName="1.0" >
6
7    <uses-sdk
8        android:minSdkVersion="25"
8-->src\main\AndroidManifest.xml
9        android:targetSdkVersion="32" />
9-->src\main\AndroidManifest.xml
10
11    <uses-permission android:name="android.permission.INTERNET" />
11-->src\main\AndroidManifest.xml:6:5-66
11-->src\main\AndroidManifest.xml:6:22-64
12    <uses-permission android:name="android.permission.READ_EXTERNAL_STORAGE" />
12-->src\main\AndroidManifest.xml:7:5-79
12-->src\main\AndroidManifest.xml:7:22-77
13    <uses-permission android:name="android.permission.ACCESS_MEDIA_LOCATION" />
13-->src\main\AndroidManifest.xml:8:5-79
13-->src\main\AndroidManifest.xml:8:22-77
14    <uses-permission android:name="android.permission.RECORD_AUDIO" />
14-->src\main\AndroidManifest.xml:9:5-70
14-->src\main\AndroidManifest.xml:9:22-68
15    <uses-permission android:name="android.permission.CAPTURE_AUDIO_OUTPUT" />
15-->src\main\AndroidManifest.xml:10:5-11:47
15-->src\main\AndroidManifest.xml:10:22-76
16    <uses-permission
16-->src\main\AndroidManifest.xml:12:5-13:38
17        android:name="android.permission.WRITE_EXTERNAL_STORAGE"
17-->src\main\AndroidManifest.xml:12:22-78
18        android:maxSdkVersion="28" />
18-->src\main\AndroidManifest.xml:13:9-35
19    <uses-permission android:name="android.permission.MANAGE_EXTERNAL_STORAGE" />
19-->src\main\AndroidManifest.xml:14:5-81
19-->src\main\AndroidManifest.xml:14:22-79
20    <uses-permission android:name="android.permission.MANAGE_MEDIA" />
20-->src\main\AndroidManifest.xml:15:5-16:47
20-->src\main\AndroidManifest.xml:15:22-68
21    <uses-permission android:name="android.permission.MEDIA_CONTENT_CONTROL" />
21-->src\main\AndroidManifest.xml:17:5-18:47
21-->src\main\AndroidManifest.xml:17:22-77
22    <uses-permission android:name="android.permission.ACCESS_NETWORK_STATE" />
22-->[com.google.firebase:firebase-auth:21.0.3] AndroidManifest.xml:24:5-79
22-->[com.google.firebase:firebase-auth:21.0.3] AndroidManifest.xml:24:22-76
23
24    <application
24-->src\main\AndroidManifest.xml:21:5-63:19
25        android:allowBackup="true"
25-->src\main\AndroidManifest.xml:22:9-35
26        android:appComponentFactory="androidx.core.app.CoreComponentFactory"
26-->[androidx.core:core:1.7.0] AndroidManifest.xml:24:18-86
27        android:debuggable="true"
28        android:extractNativeLibs="false"
29        android:icon="@mipmap/ic_launcher"
29-->src\main\AndroidManifest.xml:23:9-43
30        android:label="@string/app_name"
30-->src\main\AndroidManifest.xml:24:9-41
31        android:roundIcon="@mipmap/ic_launcher_round"
31-->src\main\AndroidManifest.xml:25:9-54
32        android:supportsRtl="true"
32-->src\main\AndroidManifest.xml:26:9-35
33        android:testOnly="true"
34        android:theme="@style/Theme.PISProjecte"
34-->src\main\AndroidManifest.xml:27:9-49
35        android:usesCleartextTraffic="true" >
35-->src\main\AndroidManifest.xml:28:9-44
36        <activity
36-->src\main\AndroidManifest.xml:29:9-31:40
37            android:name="com.example.pisprojecte.LyricsActivity"
37-->src\main\AndroidManifest.xml:30:13-43
38            android:exported="false" />
38-->src\main\AndroidManifest.xml:31:13-37
39        <activity android:name="com.example.pisprojecte.Registro2Activity" />
39-->src\main\AndroidManifest.xml:32:9-33:48
39-->src\main\AndroidManifest.xml:33:13-46
40        <activity
40-->src\main\AndroidManifest.xml:34:9-42:20
41            android:name="com.example.pisprojecte.LoginActivity"
41-->src\main\AndroidManifest.xml:35:13-42
42            android:exported="true" >
42-->src\main\AndroidManifest.xml:36:13-36
43            <intent-filter>
43-->src\main\AndroidManifest.xml:37:13-41:29
44                <action android:name="android.intent.action.MAIN" />
44-->src\main\AndroidManifest.xml:38:17-69
44-->src\main\AndroidManifest.xml:38:25-66
45
46                <category android:name="android.intent.category.LAUNCHER" />
46-->src\main\AndroidManifest.xml:40:17-77
46-->src\main\AndroidManifest.xml:40:27-74
47            </intent-filter>
48        </activity>
49        <activity android:name="com.example.pisprojecte.EstudioActivity" />
49-->src\main\AndroidManifest.xml:47:9-52
49-->src\main\AndroidManifest.xml:47:19-50
50        <activity android:name="com.example.pisprojecte.ListadoBasesActivity" />
50-->src\main\AndroidManifest.xml:48:9-57
50-->src\main\AndroidManifest.xml:48:19-55
51        <activity android:name="com.example.pisprojecte.RegistroActivity" />
51-->src\main\AndroidManifest.xml:49:9-53
51-->src\main\AndroidManifest.xml:49:19-51
52        <activity android:name="com.example.pisprojecte.AjustesActivity" />
52-->src\main\AndroidManifest.xml:50:9-52
52-->src\main\AndroidManifest.xml:50:19-50
53        <activity
53-->src\main\AndroidManifest.xml:51:9-52:38
54            android:name="com.example.pisprojecte.InicioActivity"
54-->src\main\AndroidManifest.xml:51:19-49
55            android:exported="true" />
55-->src\main\AndroidManifest.xml:52:13-36
56        <activity
56-->src\main\AndroidManifest.xml:55:9-57:52
57            android:name="com.example.pisprojecte.CreacioBasesActivity"
57-->src\main\AndroidManifest.xml:56:13-49
58            android:screenOrientation="landscape" />
58-->src\main\AndroidManifest.xml:57:13-50
59        <activity
59-->[com.google.firebase:firebase-auth:21.0.3] AndroidManifest.xml:27:9-44:20
60            android:name="com.google.firebase.auth.internal.GenericIdpActivity"
60-->[com.google.firebase:firebase-auth:21.0.3] AndroidManifest.xml:28:13-80
61            android:excludeFromRecents="true"
61-->[com.google.firebase:firebase-auth:21.0.3] AndroidManifest.xml:29:13-46
62            android:exported="true"
62-->[com.google.firebase:firebase-auth:21.0.3] AndroidManifest.xml:30:13-36
63            android:launchMode="singleTask"
63-->[com.google.firebase:firebase-auth:21.0.3] AndroidManifest.xml:31:13-44
64            android:theme="@android:style/Theme.Translucent.NoTitleBar" >
64-->[com.google.firebase:firebase-auth:21.0.3] AndroidManifest.xml:32:13-72
65            <intent-filter>
65-->[com.google.firebase:firebase-auth:21.0.3] AndroidManifest.xml:33:13-43:29
66                <action android:name="android.intent.action.VIEW" />
66-->[com.google.firebase:firebase-auth:21.0.3] AndroidManifest.xml:34:17-69
66-->[com.google.firebase:firebase-auth:21.0.3] AndroidManifest.xml:34:25-66
67
68                <category android:name="android.intent.category.DEFAULT" />
68-->[com.google.firebase:firebase-auth:21.0.3] AndroidManifest.xml:36:17-76
68-->[com.google.firebase:firebase-auth:21.0.3] AndroidManifest.xml:36:27-73
69                <category android:name="android.intent.category.BROWSABLE" />
69-->[com.google.firebase:firebase-auth:21.0.3] AndroidManifest.xml:37:17-78
69-->[com.google.firebase:firebase-auth:21.0.3] AndroidManifest.xml:37:27-75
70
71                <data
71-->[com.google.firebase:firebase-auth:21.0.3] AndroidManifest.xml:39:17-42:51
72                    android:host="firebase.auth"
72-->[com.google.firebase:firebase-auth:21.0.3] AndroidManifest.xml:40:21-49
73                    android:path="/"
73-->[com.google.firebase:firebase-auth:21.0.3] AndroidManifest.xml:41:21-37
74                    android:scheme="genericidp" />
74-->[com.google.firebase:firebase-auth:21.0.3] AndroidManifest.xml:42:21-48
75            </intent-filter>
76        </activity>
77        <activity
77-->[com.google.firebase:firebase-auth:21.0.3] AndroidManifest.xml:45:9-62:20
78            android:name="com.google.firebase.auth.internal.RecaptchaActivity"
78-->[com.google.firebase:firebase-auth:21.0.3] AndroidManifest.xml:46:13-79
79            android:excludeFromRecents="true"
79-->[com.google.firebase:firebase-auth:21.0.3] AndroidManifest.xml:47:13-46
80            android:exported="true"
80-->[com.google.firebase:firebase-auth:21.0.3] AndroidManifest.xml:48:13-36
81            android:launchMode="singleTask"
81-->[com.google.firebase:firebase-auth:21.0.3] AndroidManifest.xml:49:13-44
82            android:theme="@android:style/Theme.Translucent.NoTitleBar" >
82-->[com.google.firebase:firebase-auth:21.0.3] AndroidManifest.xml:50:13-72
83            <intent-filter>
83-->[com.google.firebase:firebase-auth:21.0.3] AndroidManifest.xml:51:13-61:29
84                <action android:name="android.intent.action.VIEW" />
84-->[com.google.firebase:firebase-auth:21.0.3] AndroidManifest.xml:34:17-69
84-->[com.google.firebase:firebase-auth:21.0.3] AndroidManifest.xml:34:25-66
85
86                <category android:name="android.intent.category.DEFAULT" />
86-->[com.google.firebase:firebase-auth:21.0.3] AndroidManifest.xml:36:17-76
86-->[com.google.firebase:firebase-auth:21.0.3] AndroidManifest.xml:36:27-73
87                <category android:name="android.intent.category.BROWSABLE" />
87-->[com.google.firebase:firebase-auth:21.0.3] AndroidManifest.xml:37:17-78
87-->[com.google.firebase:firebase-auth:21.0.3] AndroidManifest.xml:37:27-75
88
89                <data
89-->[com.google.firebase:firebase-auth:21.0.3] AndroidManifest.xml:39:17-42:51
90                    android:host="firebase.auth"
90-->[com.google.firebase:firebase-auth:21.0.3] AndroidManifest.xml:40:21-49
91                    android:path="/"
91-->[com.google.firebase:firebase-auth:21.0.3] AndroidManifest.xml:41:21-37
92                    android:scheme="recaptcha" />
92-->[com.google.firebase:firebase-auth:21.0.3] AndroidManifest.xml:42:21-48
93            </intent-filter>
94        </activity>
95
96        <service
96-->[com.google.firebase:firebase-auth:21.0.3] AndroidManifest.xml:64:9-70:19
97            android:name="com.google.firebase.components.ComponentDiscoveryService"
97-->[com.google.firebase:firebase-auth:21.0.3] AndroidManifest.xml:65:13-84
98            android:directBootAware="true"
98-->[com.google.firebase:firebase-common:20.1.1] AndroidManifest.xml:35:13-43
99            android:exported="false" >
99-->[com.google.firebase:firebase-auth:21.0.3] AndroidManifest.xml:66:13-37
100            <meta-data
100-->[com.google.firebase:firebase-auth:21.0.3] AndroidManifest.xml:67:13-69:85
101                android:name="com.google.firebase.components:com.google.firebase.auth.FirebaseAuthRegistrar"
101-->[com.google.firebase:firebase-auth:21.0.3] AndroidManifest.xml:68:17-109
102                android:value="com.google.firebase.components.ComponentRegistrar" />
102-->[com.google.firebase:firebase-auth:21.0.3] AndroidManifest.xml:69:17-82
103            <meta-data
103-->[com.google.firebase:firebase-firestore:24.1.1] AndroidManifest.xml:20:13-22:85
104                android:name="com.google.firebase.components:com.google.firebase.firestore.FirestoreRegistrar"
104-->[com.google.firebase:firebase-firestore:24.1.1] AndroidManifest.xml:21:17-111
105                android:value="com.google.firebase.components.ComponentRegistrar" />
105-->[com.google.firebase:firebase-firestore:24.1.1] AndroidManifest.xml:22:17-82
106            <meta-data
106-->[com.google.firebase:firebase-database:20.0.5] AndroidManifest.xml:32:13-34:85
107                android:name="com.google.firebase.components:com.google.firebase.database.DatabaseRegistrar"
107-->[com.google.firebase:firebase-database:20.0.5] AndroidManifest.xml:33:17-109
108                android:value="com.google.firebase.components.ComponentRegistrar" />
108-->[com.google.firebase:firebase-database:20.0.5] AndroidManifest.xml:34:17-82
109            <meta-data
109-->[com.google.firebase:firebase-storage:20.0.1] AndroidManifest.xml:33:13-35:85
110                android:name="com.google.firebase.components:com.google.firebase.storage.StorageRegistrar"
110-->[com.google.firebase:firebase-storage:20.0.1] AndroidManifest.xml:34:17-107
111                android:value="com.google.firebase.components.ComponentRegistrar" />
111-->[com.google.firebase:firebase-storage:20.0.1] AndroidManifest.xml:35:17-82
112        </service>
113
114        <uses-library
114-->[androidx.window:window:1.0.0] AndroidManifest.xml:25:9-27:40
115            android:name="androidx.window.extensions"
115-->[androidx.window:window:1.0.0] AndroidManifest.xml:26:13-54
116            android:required="false" />
116-->[androidx.window:window:1.0.0] AndroidManifest.xml:27:13-37
117        <uses-library
117-->[androidx.window:window:1.0.0] AndroidManifest.xml:28:9-30:40
118            android:name="androidx.window.sidecar"
118-->[androidx.window:window:1.0.0] AndroidManifest.xml:29:13-51
119            android:required="false" />
119-->[androidx.window:window:1.0.0] AndroidManifest.xml:30:13-37
120
121        <activity
121-->[com.google.android.gms:play-services-base:18.0.1] AndroidManifest.xml:20:9-22:45
122            android:name="com.google.android.gms.common.api.GoogleApiActivity"
122-->[com.google.android.gms:play-services-base:18.0.1] AndroidManifest.xml:20:19-85
123            android:exported="false"
123-->[com.google.android.gms:play-services-base:18.0.1] AndroidManifest.xml:22:19-43
124            android:theme="@android:style/Theme.Translucent.NoTitleBar" />
124-->[com.google.android.gms:play-services-base:18.0.1] AndroidManifest.xml:21:19-78
125
126        <provider
126-->[com.google.firebase:firebase-common:20.1.1] AndroidManifest.xml:26:9-31:39
127            android:name="com.google.firebase.provider.FirebaseInitProvider"
127-->[com.google.firebase:firebase-common:20.1.1] AndroidManifest.xml:27:13-77
128            android:authorities="com.example.pisprojecte.firebaseinitprovider"
128-->[com.google.firebase:firebase-common:20.1.1] AndroidManifest.xml:28:13-72
129            android:directBootAware="true"
129-->[com.google.firebase:firebase-common:20.1.1] AndroidManifest.xml:29:13-43
130            android:exported="false"
130-->[com.google.firebase:firebase-common:20.1.1] AndroidManifest.xml:30:13-37
131            android:initOrder="100" />
131-->[com.google.firebase:firebase-common:20.1.1] AndroidManifest.xml:31:13-36
132
133        <meta-data
133-->[com.google.android.gms:play-services-basement:18.0.0] AndroidManifest.xml:21:9-23:69
134            android:name="com.google.android.gms.version"
134-->[com.google.android.gms:play-services-basement:18.0.0] AndroidManifest.xml:22:13-58
135            android:value="@integer/google_play_services_version" />
135-->[com.google.android.gms:play-services-basement:18.0.0] AndroidManifest.xml:23:13-66
136
137        <provider
137-->[androidx.emoji2:emoji2:1.0.0] AndroidManifest.xml:26:9-34:20
138            android:name="androidx.startup.InitializationProvider"
138-->[androidx.emoji2:emoji2:1.0.0] AndroidManifest.xml:27:13-67
139            android:authorities="com.example.pisprojecte.androidx-startup"
139-->[androidx.emoji2:emoji2:1.0.0] AndroidManifest.xml:28:13-68
140            android:exported="false" >
140-->[androidx.emoji2:emoji2:1.0.0] AndroidManifest.xml:29:13-37
141            <meta-data
141-->[androidx.emoji2:emoji2:1.0.0] AndroidManifest.xml:31:13-33:52
142                android:name="androidx.emoji2.text.EmojiCompatInitializer"
142-->[androidx.emoji2:emoji2:1.0.0] AndroidManifest.xml:32:17-75
143                android:value="androidx.startup" />
143-->[androidx.emoji2:emoji2:1.0.0] AndroidManifest.xml:33:17-49
144            <meta-data
144-->[androidx.lifecycle:lifecycle-process:2.4.0] AndroidManifest.xml:31:13-33:52
145                android:name="androidx.lifecycle.ProcessLifecycleInitializer"
145-->[androidx.lifecycle:lifecycle-process:2.4.0] AndroidManifest.xml:32:17-78
146                android:value="androidx.startup" />
146-->[androidx.lifecycle:lifecycle-process:2.4.0] AndroidManifest.xml:33:17-49
147        </provider>
148    </application>
149
150</manifest>